INFO:  latexindent.pl version 3.16, 2022-03-13, a script to indent .tex files
       latexindent.pl lives here: C:/Users/PuSung/AppData/Local/Programs/MiKTeX/scripts/latexindent/
       Fri Jan  6 13:51:37 2023
       Filename: c:/PuSung/University/111_Junior/111-1 Academic/Text Mining/Final/2022_Fall_TM_Final/report/__latexindent_temp_asme2ejs.tex
INFO:  Processing switches:
       -y|--yaml: YAML settings specified via command line
       -c|--cruft: cruft directory
INFO:  Directory for backup files and c:/PuSung/University/111_Junior/111-1 Academic/Text Mining/Final/2022_Fall_TM_Final/report//indent.log: c:/PuSung/University/111_Junior/111-1 Academic/Text Mining/Final/2022_Fall_TM_Final/report/
INFO:  Perl modules are being loaded from the following directories:
       C:/Strawberry/perl/lib/FindBin.pm
       C:/Strawberry/perl/vendor/lib/YAML/Tiny.pm
       C:/Strawberry/perl/lib/File/Copy.pm
       C:/Strawberry/perl/lib/File/Basename.pm
       C:/Strawberry/perl/lib/Getopt/Long.pm
       C:/Strawberry/perl/vendor/lib/File/HomeDir.pm
       C:/Strawberry/perl/vendor/lib/Unicode/GCString.pm
INFO:  LatexIndent perl modules are being loaded from, for example:
       C:/Users/PuSung/AppData/Local/Programs/MiKTeX/scripts/latexindent/LatexIndent/Document.pm
INFO:  YAML settings read: defaultSettings.yaml
       Reading defaultSettings.yaml from C:/Users/PuSung/AppData/Local/Programs/MiKTeX/scripts/latexindent/defaultSettings.yaml
INFO:  YAML settings read: indentconfig.yaml or .indentconfig.yaml
       Home directory is C:\Users\PuSung (didn't find either indentconfig.yaml or .indentconfig.yaml)
       To specify user settings you would put indentconfig.yaml here: C:\Users\PuSung/indentconfig.yaml
       Alternatively, you can use the hidden file .indentconfig.yaml as: C:\Users\PuSung/.indentconfig.yaml
INFO:  YAML settings read: -y switch
       YAML setting: defaultIndent:'        '
       single-quoted string found in -y switch: '        ', substitute to         
       Updating mainSettings with defaultIndent:         
FATAL I couldn't find c:/PuSung/University/111_Junior/111-1 Academic/Text Mining/Final/2022_Fall_TM_Final/report/__latexindent_temp_asme2ejs.tex, are you sure it exists?
      Exiting, no indendation done.
       --------------
INFO:  Please direct all communication/issues to:
        https://github.com/cmhughes/latexindent.pl
